<?xml version="1.0" encoding="UTF-8" ?>
<testsuite 
errors="0" failures="0" hostname="Js-MBP-16.fios-router.home" name="org.scalatest.tools.DiscoverySuite" tests="0" time="0.012" timestamp="2020-12-19T12:58:22">
  <properties>
    <property name="java.runtime.name" value="Java(TM) SE Runtime Environment">
    </property>
    <property 
    name="sun.boot.library.path" value="/Library/Internet Plug-Ins/JavaAppletPlugin.plugin/Contents/Home/lib">
</property>
    <property name="java.vm.version" value="25.261-b12"> </property>
    <property name="gopherProxySet" value="false"> </property>
    <property name="java.vm.vendor" value="Oracle Corporation"> </property>
    <property name="java.vendor.url" value="http://java.oracle.com/">
    </property>
    <property name="path.separator" value=":"> </property>
    <property name="java.vm.name" value="Java HotSpot(TM) 64-Bit Server VM">
    </property>
    <property name="file.encoding.pkg" value="sun.io"> </property>
    <property name="user.country" value="US"> </property>
    <property name="sun.java.launcher" value="SUN_STANDARD"> </property>
    <property name="sun.os.patch.level" value="unknown"> </property>
    <property 
    name="java.vm.specification.name" value="Java Virtual Machine Specification">
</property>
    <property 
    name="user.dir" value="/Users/AJ/Projects/fraud-detection/FraudDetection">
</property>
    <property name="java.runtime.version" value="1.8.0_261-b12"> </property>
    <property name="java.awt.graphicsenv" value="sun.awt.CGraphicsEnvironment">
    </property>
    <property 
    name="basedir" value="/Users/AJ/Projects/fraud-detection/FraudDetection">
</property>
    <property 
    name="java.endorsed.dirs" value="/Library/Internet Plug-Ins/JavaAppletPlugin.plugin/Contents/Home/lib/endorsed">
</property>
    <property name="os.arch" value="x86_64"> </property>
    <property 
    name="java.io.tmpdir" value="/var/folders/kk/qgx5x9sj3lq0hqhb6yrw2fdh0000gn/T/">
</property>
    <property name="line.separator" value=" "> </property>
    <property name="java.vm.specification.vendor" value="Oracle Corporation">
    </property>
    <property name="os.name" value="Mac OS X"> </property>
    <property name="sun.jnu.encoding" value="UTF-8"> </property>
    <property 
    name="java.library.path" value="/Users/AJ/Library/Java/Extensions:/Library/Java/Extensions:/Network/Library/Java/Extensions:/System/Library/Java/Extensions:/usr/lib/java:.">
</property>
    <property 
    name="java.specification.name" value="Java Platform API Specification">
</property>
    <property name="java.class.version" value="52.0"> </property>
    <property 
    name="sun.management.compiler" value="HotSpot 64-Bit Tiered Compilers">
</property>
    <property name="os.version" value="10.16"> </property>
    <property name="user.home" value="/Users/AJ"> </property>
    <property name="user.timezone" value=""> </property>
    <property name="java.awt.printerjob" value="sun.lwawt.macosx.CPrinterJob">
    </property>
    <property name="file.encoding" value="UTF-8"> </property>
    <property name="java.specification.version" value="1.8"> </property>
    <property name="user.name" value="AJ"> </property>
    <property 
    name="java.class.path" value="/Users/AJ/Projects/fraud-detection/FraudDetection/target/test-classes:/Users/AJ/Projects/fraud-detection/FraudDetection/target/classes:/Users/AJ/.m2/repository/org/apache/spark/spark-core_2.11/2.2.1/spark-core_2.11-2.2.1.jar:/Users/AJ/.m2/repository/org/apache/avro/avro/1.7.7/avro-1.7.7.jar:/Users/AJ/.m2/repository/org/codehaus/jackson/jackson-core-asl/1.9.13/jackson-core-asl-1.9.13.jar:/Users/AJ/.m2/repository/org/codehaus/jackson/jackson-mapper-asl/1.9.13/jackson-mapper-asl-1.9.13.jar:/Users/AJ/.m2/repository/com/thoughtworks/paranamer/paranamer/2.3/paranamer-2.3.jar:/Users/AJ/.m2/repository/org/apache/commons/commons-compress/1.4.1/commons-compress-1.4.1.jar:/Users/AJ/.m2/repository/org/tukaani/xz/1.0/xz-1.0.jar:/Users/AJ/.m2/repository/org/apache/avro/avro-mapred/1.7.7/avro-mapred-1.7.7-hadoop2.jar:/Users/AJ/.m2/repository/org/apache/avro/avro-ipc/1.7.7/avro-ipc-1.7.7.jar:/Users/AJ/.m2/repository/org/apache/avro/avro-ipc/1.7.7/avro-ipc-1.7.7-tests.jar:/Users/AJ/.m2/repository/com/twitter/chill_2.11/0.8.0/chill_2.11-0.8.0.jar:/Users/AJ/.m2/repository/com/esotericsoftware/kryo-shaded/3.0.3/kryo-shaded-3.0.3.jar:/Users/AJ/.m2/repository/com/esotericsoftware/minlog/1.3.0/minlog-1.3.0.jar:/Users/AJ/.m2/repository/org/objenesis/objenesis/2.1/objenesis-2.1.jar:/Users/AJ/.m2/repository/com/twitter/chill-java/0.8.0/chill-java-0.8.0.jar:/Users/AJ/.m2/repository/org/apache/xbean/xbean-asm5-shaded/4.4/xbean-asm5-shaded-4.4.jar:/Users/AJ/.m2/repository/org/apache/spark/spark-launcher_2.11/2.2.1/spark-launcher_2.11-2.2.1.jar:/Users/AJ/.m2/repository/org/apache/spark/spark-network-common_2.11/2.2.1/spark-network-common_2.11-2.2.1.jar:/Users/AJ/.m2/repository/org/fusesource/leveldbjni/leveldbjni-all/1.8/leveldbjni-all-1.8.jar:/Users/AJ/.m2/repository/com/fasterxml/jackson/core/jackson-annotations/2.6.5/jackson-annotations-2.6.5.jar:/Users/AJ/.m2/repository/org/apache/spark/spark-network-shuffle_2.11/2.2.1/spark-network-shuffle_2.11-2.2.1.jar:/Users/AJ/.m2/repository/org/apache/spark/spark-unsafe_2.11/2.2.1/spark-unsafe_2.11-2.2.1.jar:/Users/AJ/.m2/repository/net/java/dev/jets3t/jets3t/0.9.3/jets3t-0.9.3.jar:/Users/AJ/.m2/repository/org/apache/httpcomponents/httpcore/4.3.3/httpcore-4.3.3.jar:/Users/AJ/.m2/repository/org/apache/httpcomponents/httpclient/4.3.6/httpclient-4.3.6.jar:/Users/AJ/.m2/repository/commons-codec/commons-codec/1.8/commons-codec-1.8.jar:/Users/AJ/.m2/repository/javax/activation/activation/1.1.1/activation-1.1.1.jar:/Users/AJ/.m2/repository/mx4j/mx4j/3.0.2/mx4j-3.0.2.jar:/Users/AJ/.m2/repository/javax/mail/mail/1.4.7/mail-1.4.7.jar:/Users/AJ/.m2/repository/org/bouncycastle/bcprov-jdk15on/1.51/bcprov-jdk15on-1.51.jar:/Users/AJ/.m2/repository/com/jamesmurty/utils/java-xmlbuilder/1.0/java-xmlbuilder-1.0.jar:/Users/AJ/.m2/repository/net/iharder/base64/2.3.8/base64-2.3.8.jar:/Users/AJ/.m2/repository/org/apache/curator/curator-recipes/2.6.0/curator-recipes-2.6.0.jar:/Users/AJ/.m2/repository/org/apache/curator/curator-framework/2.6.0/curator-framework-2.6.0.jar:/Users/AJ/.m2/repository/org/apache/zookeeper/zookeeper/3.4.6/zookeeper-3.4.6.jar:/Users/AJ/.m2/repository/javax/servlet/javax.servlet-api/3.1.0/javax.servlet-api-3.1.0.jar:/Users/AJ/.m2/repository/org/apache/commons/commons-lang3/3.5/commons-lang3-3.5.jar:/Users/AJ/.m2/repository/org/apache/commons/commons-math3/3.4.1/commons-math3-3.4.1.jar:/Users/AJ/.m2/repository/com/google/code/findbugs/jsr305/1.3.9/jsr305-1.3.9.jar:/Users/AJ/.m2/repository/org/slf4j/slf4j-api/1.7.16/slf4j-api-1.7.16.jar:/Users/AJ/.m2/repository/org/slf4j/jul-to-slf4j/1.7.16/jul-to-slf4j-1.7.16.jar:/Users/AJ/.m2/repository/org/slf4j/jcl-over-slf4j/1.7.16/jcl-over-slf4j-1.7.16.jar:/Users/AJ/.m2/repository/org/slf4j/slf4j-log4j12/1.7.16/slf4j-log4j12-1.7.16.jar:/Users/AJ/.m2/repository/com/ning/compress-lzf/1.0.3/compress-lzf-1.0.3.jar:/Users/AJ/.m2/repository/org/xerial/snappy/snappy-java/1.1.2.6/snappy-java-1.1.2.6.jar:/Users/AJ/.m2/repository/net/jpountz/lz4/lz4/1.3.0/lz4-1.3.0.jar:/Users/AJ/.m2/repository/org/roaringbitmap/RoaringBitmap/0.5.11/RoaringBitmap-0.5.11.jar:/Users/AJ/.m2/repository/commons-net/commons-net/2.2/commons-net-2.2.jar:/Users/AJ/.m2/repository/org/json4s/json4s-jackson_2.11/3.2.11/json4s-jackson_2.11-3.2.11.jar:/Users/AJ/.m2/repository/org/json4s/json4s-core_2.11/3.2.11/json4s-core_2.11-3.2.11.jar:/Users/AJ/.m2/repository/org/json4s/json4s-ast_2.11/3.2.11/json4s-ast_2.11-3.2.11.jar:/Users/AJ/.m2/repository/org/scala-lang/scalap/2.11.0/scalap-2.11.0.jar:/Users/AJ/.m2/repository/org/scala-lang/scala-compiler/2.11.0/scala-compiler-2.11.0.jar:/Users/AJ/.m2/repository/org/glassfish/jersey/core/jersey-client/2.22.2/jersey-client-2.22.2.jar:/Users/AJ/.m2/repository/javax/ws/rs/javax.ws.rs-api/2.0.1/javax.ws.rs-api-2.0.1.jar:/Users/AJ/.m2/repository/org/glassfish/hk2/hk2-api/2.4.0-b34/hk2-api-2.4.0-b34.jar:/Users/AJ/.m2/repository/org/glassfish/hk2/hk2-utils/2.4.0-b34/hk2-utils-2.4.0-b34.jar:/Users/AJ/.m2/repository/org/glassfish/hk2/external/aopalliance-repackaged/2.4.0-b34/aopalliance-repackaged-2.4.0-b34.jar:/Users/AJ/.m2/repository/org/glassfish/hk2/external/javax.inject/2.4.0-b34/javax.inject-2.4.0-b34.jar:/Users/AJ/.m2/repository/org/glassfish/hk2/hk2-locator/2.4.0-b34/hk2-locator-2.4.0-b34.jar:/Users/AJ/.m2/repository/org/javassist/javassist/3.18.1-GA/javassist-3.18.1-GA.jar:/Users/AJ/.m2/repository/org/glassfish/jersey/core/jersey-common/2.22.2/jersey-common-2.22.2.jar:/Users/AJ/.m2/repository/javax/annotation/javax.annotation-api/1.2/javax.annotation-api-1.2.jar:/Users/AJ/.m2/repository/org/glassfish/jersey/bundles/repackaged/jersey-guava/2.22.2/jersey-guava-2.22.2.jar:/Users/AJ/.m2/repository/org/glassfish/hk2/osgi-resource-locator/1.0.1/osgi-resource-locator-1.0.1.jar:/Users/AJ/.m2/repository/org/glassfish/jersey/core/jersey-server/2.22.2/jersey-server-2.22.2.jar:/Users/AJ/.m2/repository/org/glassfish/jersey/media/jersey-media-jaxb/2.22.2/jersey-media-jaxb-2.22.2.jar:/Users/AJ/.m2/repository/javax/validation/validation-api/1.1.0.Final/validation-api-1.1.0.Final.jar:/Users/AJ/.m2/repository/org/glassfish/jersey/containers/jersey-container-servlet/2.22.2/jersey-container-servlet-2.22.2.jar:/Users/AJ/.m2/repository/org/glassfish/jersey/containers/jersey-container-servlet-core/2.22.2/jersey-container-servlet-core-2.22.2.jar:/Users/AJ/.m2/repository/io/netty/netty-all/4.0.43.Final/netty-all-4.0.43.Final.jar:/Users/AJ/.m2/repository/io/netty/netty/3.9.9.Final/netty-3.9.9.Final.jar:/Users/AJ/.m2/repository/com/clearspring/analytics/stream/2.7.0/stream-2.7.0.jar:/Users/AJ/.m2/repository/io/dropwizard/metrics/metrics-core/3.1.2/metrics-core-3.1.2.jar:/Users/AJ/.m2/repository/io/dropwizard/metrics/metrics-jvm/3.1.2/metrics-jvm-3.1.2.jar:/Users/AJ/.m2/repository/io/dropwizard/metrics/metrics-json/3.1.2/metrics-json-3.1.2.jar:/Users/AJ/.m2/repository/io/dropwizard/metrics/metrics-graphite/3.1.2/metrics-graphite-3.1.2.jar:/Users/AJ/.m2/repository/com/fasterxml/jackson/core/jackson-databind/2.6.5/jackson-databind-2.6.5.jar:/Users/AJ/.m2/repository/com/fasterxml/jackson/core/jackson-core/2.6.5/jackson-core-2.6.5.jar:/Users/AJ/.m2/repository/com/fasterxml/jackson/module/jackson-module-scala_2.11/2.6.5/jackson-module-scala_2.11-2.6.5.jar:/Users/AJ/.m2/repository/com/fasterxml/jackson/module/jackson-module-paranamer/2.6.5/jackson-module-paranamer-2.6.5.jar:/Users/AJ/.m2/repository/org/apache/ivy/ivy/2.4.0/ivy-2.4.0.jar:/Users/AJ/.m2/repository/oro/oro/2.0.8/oro-2.0.8.jar:/Users/AJ/.m2/repository/net/razorvine/pyrolite/4.13/pyrolite-4.13.jar:/Users/AJ/.m2/repository/net/sf/py4j/py4j/0.10.4/py4j-0.10.4.jar:/Users/AJ/.m2/repository/org/apache/spark/spark-tags_2.11/2.2.1/spark-tags_2.11-2.2.1.jar:/Users/AJ/.m2/repository/org/apache/commons/commons-crypto/1.0.0/commons-crypto-1.0.0.jar:/Users/AJ/.m2/repository/org/spark-project/spark/unused/1.0.0/unused-1.0.0.jar:/Users/AJ/.m2/repository/org/apache/spark/spark-sql_2.11/2.2.1/spark-sql_2.11-2.2.1.jar:/Users/AJ/.m2/repository/com/univocity/univocity-parsers/2.2.1/univocity-parsers-2.2.1.jar:/Users/AJ/.m2/repository/org/apache/spark/spark-sketch_2.11/2.2.1/spark-sketch_2.11-2.2.1.jar:/Users/AJ/.m2/repository/org/apache/spark/spark-catalyst_2.11/2.2.1/spark-catalyst_2.11-2.2.1.jar:/Users/AJ/.m2/repository/org/codehaus/janino/janino/3.0.0/janino-3.0.0.jar:/Users/AJ/.m2/repository/org/codehaus/janino/commons-compiler/3.0.0/commons-compiler-3.0.0.jar:/Users/AJ/.m2/repository/org/antlr/antlr4-runtime/4.5.3/antlr4-runtime-4.5.3.jar:/Users/AJ/.m2/repository/org/apache/parquet/parquet-column/1.8.2/parquet-column-1.8.2.jar:/Users/AJ/.m2/repository/org/apache/parquet/parquet-common/1.8.2/parquet-common-1.8.2.jar:/Users/AJ/.m2/repository/org/apache/parquet/parquet-encoding/1.8.2/parquet-encoding-1.8.2.jar:/Users/AJ/.m2/repository/org/apache/parquet/parquet-hadoop/1.8.2/parquet-hadoop-1.8.2.jar:/Users/AJ/.m2/repository/org/apache/parquet/parquet-format/2.3.1/parquet-format-2.3.1.jar:/Users/AJ/.m2/repository/org/apache/parquet/parquet-jackson/1.8.2/parquet-jackson-1.8.2.jar:/Users/AJ/.m2/repository/org/apache/spark/spark-streaming-kafka-0-10_2.11/2.2.1/spark-streaming-kafka-0-10_2.11-2.2.1.jar:/Users/AJ/.m2/repository/org/apache/kafka/kafka_2.11/0.10.0.1/kafka_2.11-0.10.0.1.jar:/Users/AJ/.m2/repository/com/101tec/zkclient/0.8/zkclient-0.8.jar:/Users/AJ/.m2/repository/com/yammer/metrics/metrics-core/2.2.0/metrics-core-2.2.0.jar:/Users/AJ/.m2/repository/org/scala-lang/modules/scala-parser-combinators_2.11/1.0.4/scala-parser-combinators_2.11-1.0.4.jar:/Users/AJ/.m2/repository/org/apache/spark/spark-sql-kafka-0-10_2.11/2.2.0/spark-sql-kafka-0-10_2.11-2.2.0.jar:/Users/AJ/.m2/repository/org/apache/kafka/kafka-clients/0.10.0.1/kafka-clients-0.10.0.1.jar:/Users/AJ/.m2/repository/org/apache/spark/spark-mllib_2.11/2.2.1/spark-mllib_2.11-2.2.1.jar:/Users/AJ/.m2/repository/org/apache/spark/spark-streaming_2.11/2.2.1/spark-streaming_2.11-2.2.1.jar:/Users/AJ/.m2/repository/org/apache/spark/spark-graphx_2.11/2.2.1/spark-graphx_2.11-2.2.1.jar:/Users/AJ/.m2/repository/com/github/fommil/netlib/core/1.1.2/core-1.1.2.jar:/Users/AJ/.m2/repository/net/sourceforge/f2j/arpack_combined_all/0.1/arpack_combined_all-0.1.jar:/Users/AJ/.m2/repository/org/apache/spark/spark-mllib-local_2.11/2.2.1/spark-mllib-local_2.11-2.2.1.jar:/Users/AJ/.m2/repository/org/scalanlp/breeze_2.11/0.13.2/breeze_2.11-0.13.2.jar:/Users/AJ/.m2/repository/org/scalanlp/breeze-macros_2.11/0.13.2/breeze-macros_2.11-0.13.2.jar:/Users/AJ/.m2/repository/net/sf/opencsv/opencsv/2.3/opencsv-2.3.jar:/Users/AJ/.m2/repository/com/github/rwl/jtransforms/2.4.0/jtransforms-2.4.0.jar:/Users/AJ/.m2/repository/org/spire-math/spire_2.11/0.13.0/spire_2.11-0.13.0.jar:/Users/AJ/.m2/repository/org/spire-math/spire-macros_2.11/0.13.0/spire-macros_2.11-0.13.0.jar:/Users/AJ/.m2/repository/org/typelevel/machinist_2.11/0.6.1/machinist_2.11-0.6.1.jar:/Users/AJ/.m2/repository/com/chuusai/shapeless_2.11/2.3.2/shapeless_2.11-2.3.2.jar:/Users/AJ/.m2/repository/org/typelevel/macro-compat_2.11/1.1.1/macro-compat_2.11-1.1.1.jar:/Users/AJ/.m2/repository/org/jpmml/pmml-model/1.2.15/pmml-model-1.2.15.jar:/Users/AJ/.m2/repository/org/jpmml/pmml-schema/1.2.15/pmml-schema-1.2.15.jar:/Users/AJ/.m2/repository/com/databricks/spark-csv_2.11/1.5.0/spark-csv_2.11-1.5.0.jar:/Users/AJ/.m2/repository/org/apache/commons/commons-csv/1.1/commons-csv-1.1.jar:/Users/AJ/.m2/repository/com/twitter/jsr166e/1.1.0/jsr166e-1.1.0.jar:/Users/AJ/.m2/repository/com/twitter/algebird-core_2.11/0.12.0/algebird-core_2.11-0.12.0.jar:/Users/AJ/.m2/repository/com/googlecode/javaewah/JavaEWAH/0.6.6/JavaEWAH-0.6.6.jar:/Users/AJ/.m2/repository/org/scala-lang/scala-reflect/2.11.7/scala-reflect-2.11.7.jar:/Users/AJ/.m2/repository/com/datastax/spark/spark-cassandra-connector_2.11/2.0.7/spark-cassandra-connector_2.11-2.0.7.jar:/Users/AJ/.m2/repository/commons-beanutils/commons-beanutils/1.9.3/commons-beanutils-1.9.3.jar:/Users/AJ/.m2/repository/commons-collections/commons-collections/3.2.2/commons-collections-3.2.2.jar:/Users/AJ/.m2/repository/joda-time/joda-time/2.3/joda-time-2.3.jar:/Users/AJ/.m2/repository/org/joda/joda-convert/1.2/joda-convert-1.2.jar:/Users/AJ/.m2/repository/org/apache/hadoop/hadoop-client/2.7.2/hadoop-client-2.7.2.jar:/Users/AJ/.m2/repository/org/apache/hadoop/hadoop-common/2.7.2/hadoop-common-2.7.2.jar:/Users/AJ/.m2/repository/commons-cli/commons-cli/1.2/commons-cli-1.2.jar:/Users/AJ/.m2/repository/xmlenc/xmlenc/0.52/xmlenc-0.52.jar:/Users/AJ/.m2/repository/commons-httpclient/commons-httpclient/3.1/commons-httpclient-3.1.jar:/Users/AJ/.m2/repository/commons-io/commons-io/2.4/commons-io-2.4.jar:/Users/AJ/.m2/repository/javax/servlet/jsp/jsp-api/2.1/jsp-api-2.1.jar:/Users/AJ/.m2/repository/commons-logging/commons-logging/1.1.3/commons-logging-1.1.3.jar:/Users/AJ/.m2/repository/commons-lang/commons-lang/2.6/commons-lang-2.6.jar:/Users/AJ/.m2/repository/commons-configuration/commons-configuration/1.6/commons-configuration-1.6.jar:/Users/AJ/.m2/repository/commons-digester/commons-digester/1.8/commons-digester-1.8.jar:/Users/AJ/.m2/repository/commons-beanutils/commons-beanutils-core/1.8.0/commons-beanutils-core-1.8.0.jar:/Users/AJ/.m2/repository/com/google/protobuf/protobuf-java/2.5.0/protobuf-java-2.5.0.jar:/Users/AJ/.m2/repository/com/google/code/gson/gson/2.2.4/gson-2.2.4.jar:/Users/AJ/.m2/repository/org/apache/hadoop/hadoop-auth/2.7.2/hadoop-auth-2.7.2.jar:/Users/AJ/.m2/repository/org/apache/directory/server/apacheds-kerberos-codec/2.0.0-M15/apacheds-kerberos-codec-2.0.0-M15.jar:/Users/AJ/.m2/repository/org/apache/directory/server/apacheds-i18n/2.0.0-M15/apacheds-i18n-2.0.0-M15.jar:/Users/AJ/.m2/repository/org/apache/directory/api/api-asn1-api/1.0.0-M20/api-asn1-api-1.0.0-M20.jar:/Users/AJ/.m2/repository/org/apache/directory/api/api-util/1.0.0-M20/api-util-1.0.0-M20.jar:/Users/AJ/.m2/repository/org/apache/curator/curator-client/2.7.1/curator-client-2.7.1.jar:/Users/AJ/.m2/repository/org/apache/htrace/htrace-core/3.1.0-incubating/htrace-core-3.1.0-incubating.jar:/Users/AJ/.m2/repository/org/apache/hadoop/hadoop-hdfs/2.7.2/hadoop-hdfs-2.7.2.jar:/Users/AJ/.m2/repository/org/mortbay/jetty/jetty-util/6.1.26/jetty-util-6.1.26.jar:/Users/AJ/.m2/repository/xerces/xercesImpl/2.9.1/xercesImpl-2.9.1.jar:/Users/AJ/.m2/repository/xml-apis/xml-apis/1.3.04/xml-apis-1.3.04.jar:/Users/AJ/.m2/repository/org/apache/hadoop/hadoop-mapreduce-client-app/2.7.2/hadoop-mapreduce-client-app-2.7.2.jar:/Users/AJ/.m2/repository/org/apache/hadoop/hadoop-mapreduce-client-common/2.7.2/hadoop-mapreduce-client-common-2.7.2.jar:/Users/AJ/.m2/repository/org/apache/hadoop/hadoop-yarn-client/2.7.2/hadoop-yarn-client-2.7.2.jar:/Users/AJ/.m2/repository/org/apache/hadoop/hadoop-yarn-server-common/2.7.2/hadoop-yarn-server-common-2.7.2.jar:/Users/AJ/.m2/repository/org/apache/hadoop/hadoop-mapreduce-client-shuffle/2.7.2/hadoop-mapreduce-client-shuffle-2.7.2.jar:/Users/AJ/.m2/repository/org/apache/hadoop/hadoop-yarn-api/2.7.2/hadoop-yarn-api-2.7.2.jar:/Users/AJ/.m2/repository/org/apache/hadoop/hadoop-mapreduce-client-core/2.7.2/hadoop-mapreduce-client-core-2.7.2.jar:/Users/AJ/.m2/repository/org/apache/hadoop/hadoop-yarn-common/2.7.2/hadoop-yarn-common-2.7.2.jar:/Users/AJ/.m2/repository/javax/xml/bind/jaxb-api/2.2.2/jaxb-api-2.2.2.jar:/Users/AJ/.m2/repository/javax/xml/stream/stax-api/1.0-2/stax-api-1.0-2.jar:/Users/AJ/.m2/repository/javax/servlet/servlet-api/2.5/servlet-api-2.5.jar:/Users/AJ/.m2/repository/com/sun/jersey/jersey-core/1.9/jersey-core-1.9.jar:/Users/AJ/.m2/repository/com/sun/jersey/jersey-client/1.9/jersey-client-1.9.jar:/Users/AJ/.m2/repository/org/codehaus/jackson/jackson-jaxrs/1.9.13/jackson-jaxrs-1.9.13.jar:/Users/AJ/.m2/repository/org/codehaus/jackson/jackson-xc/1.9.13/jackson-xc-1.9.13.jar:/Users/AJ/.m2/repository/org/apache/hadoop/hadoop-mapreduce-client-jobclient/2.7.2/hadoop-mapreduce-client-jobclient-2.7.2.jar:/Users/AJ/.m2/repository/org/apache/hadoop/hadoop-annotations/2.7.2/hadoop-annotations-2.7.2.jar:/Users/AJ/.m2/repository/com/datastax/cassandra/cassandra-driver-core/3.3.2/cassandra-driver-core-3.3.2.jar:/Users/AJ/.m2/repository/io/netty/netty-handler/4.0.47.Final/netty-handler-4.0.47.Final.jar:/Users/AJ/.m2/repository/io/netty/netty-buffer/4.0.47.Final/netty-buffer-4.0.47.Final.jar:/Users/AJ/.m2/repository/io/netty/netty-common/4.0.47.Final/netty-common-4.0.47.Final.jar:/Users/AJ/.m2/repository/io/netty/netty-transport/4.0.47.Final/netty-transport-4.0.47.Final.jar:/Users/AJ/.m2/repository/io/netty/netty-codec/4.0.47.Final/netty-codec-4.0.47.Final.jar:/Users/AJ/.m2/repository/com/google/guava/guava/19.0/guava-19.0.jar:/Users/AJ/.m2/repository/com/github/jnr/jnr-ffi/2.0.7/jnr-ffi-2.0.7.jar:/Users/AJ/.m2/repository/com/github/jnr/jffi/1.2.10/jffi-1.2.10.jar:/Users/AJ/.m2/repository/com/github/jnr/jffi/1.2.10/jffi-1.2.10-native.jar:/Users/AJ/.m2/repository/org/ow2/asm/asm/5.0.3/asm-5.0.3.jar:/Users/AJ/.m2/repository/org/ow2/asm/asm-commons/5.0.3/asm-commons-5.0.3.jar:/Users/AJ/.m2/repository/org/ow2/asm/asm-analysis/5.0.3/asm-analysis-5.0.3.jar:/Users/AJ/.m2/repository/org/ow2/asm/asm-tree/5.0.3/asm-tree-5.0.3.jar:/Users/AJ/.m2/repository/org/ow2/asm/asm-util/5.0.3/asm-util-5.0.3.jar:/Users/AJ/.m2/repository/com/github/jnr/jnr-x86asm/1.0.2/jnr-x86asm-1.0.2.jar:/Users/AJ/.m2/repository/com/github/jnr/jnr-posix/3.0.27/jnr-posix-3.0.27.jar:/Users/AJ/.m2/repository/com/github/jnr/jnr-constants/0.9.0/jnr-constants-0.9.0.jar:/Users/AJ/.m2/repository/log4j/log4j/1.2.17/log4j-1.2.17.jar:/Users/AJ/.m2/repository/org/scala-lang/scala-library/2.11.8/scala-library-2.11.8.jar:/Users/AJ/.m2/repository/junit/junit/4.4/junit-4.4.jar:/Users/AJ/.m2/repository/org/scala-tools/testing/specs/1.6.2.2_1.5.0/specs-1.6.2.2_1.5.0.jar:/Users/AJ/.m2/repository/org/scalatest/scalatest_2.11/2.2.5/scalatest_2.11-2.2.5.jar:/Users/AJ/.m2/repository/org/scala-lang/modules/scala-xml_2.11/1.0.2/scala-xml_2.11-1.0.2.jar:/Users/AJ/.m2/repository/com/typesafe/config/1.3.3/config-1.3.3.jar">
</property>
    <property name="java.vm.specification.version" value="1.8"> </property>
    <property name="sun.arch.data.model" value="64"> </property>
    <property 
    name="java.home" value="/Library/Internet Plug-Ins/JavaAppletPlugin.plugin/Contents/Home">
</property>
    <property 
    name="sun.java.command" value="org.scalatest.tools.Runner -R /Users/AJ/Projects/fraud-detection/FraudDetection/target/classes /Users/AJ/Projects/fraud-detection/FraudDetection/target/test-classes -o -fWDF /Users/AJ/Projects/fraud-detection/FraudDetection/target/surefire-reports/TestSuite.txt -u /Users/AJ/Projects/fraud-detection/FraudDetection/target/surefire-reports/.">
</property>
    <property name="java.specification.vendor" value="Oracle Corporation">
    </property>
    <property name="user.language" value="en"> </property>
    <property name="awt.toolkit" value="sun.lwawt.macosx.LWCToolkit">
    </property>
    <property name="java.vm.info" value="mixed mode"> </property>
    <property name="java.version" value="1.8.0_261"> </property>
    <property 
    name="java.ext.dirs" value="/Users/AJ/Library/Java/Extensions:/Library/Internet Plug-Ins/JavaAppletPlugin.plugin/Contents/Home/lib/ext:/Library/Java/Extensions:/Network/Library/Java/Extensions:/System/Library/Java/Extensions:/usr/lib/java">
</property>
    <property 
    name="sun.boot.class.path" value="/Library/Internet Plug-Ins/JavaAppletPlugin.plugin/Contents/Home/lib/resources.jar:/Library/Internet Plug-Ins/JavaAppletPlugin.plugin/Contents/Home/lib/rt.jar:/Library/Internet Plug-Ins/JavaAppletPlugin.plugin/Contents/Home/lib/sunrsasign.jar:/Library/Internet Plug-Ins/JavaAppletPlugin.plugin/Contents/Home/lib/jsse.jar:/Library/Internet Plug-Ins/JavaAppletPlugin.plugin/Contents/Home/lib/jce.jar:/Library/Internet Plug-Ins/JavaAppletPlugin.plugin/Contents/Home/lib/charsets.jar:/Library/Internet Plug-Ins/JavaAppletPlugin.plugin/Contents/Home/lib/jfr.jar:/Library/Internet Plug-Ins/JavaAppletPlugin.plugin/Contents/Home/classes">
</property>
    <property name="java.vendor" value="Oracle Corporation"> </property>
    <property name="file.separator" value="/"> </property>
    <property 
    name="java.vendor.url.bug" value="http://bugreport.sun.com/bugreport/">
</property>
    <property name="sun.cpu.endian" value="little"> </property>
    <property name="sun.io.unicode.encoding" value="UnicodeBig"> </property>
    <property name="sun.cpu.isalist" value=""> </property>
  </properties>
  <system-out><![CDATA[]]></system-out>
  <system-err><![CDATA[]]></system-err>
</testsuite>
